2013-09-09 11:42:04 Error: [MissingPluginException] Plugin DebugKit could not be found.
Exception Attributes: array (
  'plugin' => 'DebugKit',
)
Stack Trace:
#0 /var/www/frost/Config/bootstrap.php(76): CakePlugin::load('DebugKit')
#1 /var/www/cake/lib/Cake/Core/Configure.php(93): include('/var/www/frost/...')
#2 /var/www/cake/lib/Cake/bootstrap.php(170): Configure::bootstrap(true)
#3 /var/www/frost/webroot/index.php(82): include('/var/www/cake/l...')
#4 {main}
2013-09-09 14:03:49 Error: [MissingActionException] Action UsersController::admin_races() could not be found.
Exception Attributes: array (
  'controller' => 'UsersController',
  'action' => 'admin_races',
)
Request URL: /admin/users/races?url=%2Fadmin%2Fusers%2Fraces
Stack Trace:
#0 /var/www/cake/lib/Cake/Routing/Dispatcher.php(187): Controller->invokeAction(Object(CakeRequest))
#1 /var/www/cake/lib/Cake/Routing/Dispatcher.php(162): Dispatcher->_invoke(Object(UsersController), Object(CakeRequest), Object(CakeResponse))
#2 /var/www/frost/webroot/index.php(102): Dispatcher->dispatch(Object(CakeRequest), Object(CakeResponse))
#3 {main}
2013-09-09 14:15:29 Error: [MissingViewException] View file "/var/www/frost/View/Races/admin_index.ctp" is missing.
Exception Attributes: array (
  'file' => '/var/www/frost/View/Races/admin_index.ctp',
)
Request URL: /admin/races?url=%2Fadmin%2Fraces
Stack Trace:
#0 /var/www/cake/lib/Cake/View/View.php(468): View->_getViewFileName(NULL)
#1 /var/www/cake/lib/Cake/Controller/Controller.php(948): View->render(NULL, NULL)
#2 /var/www/cake/lib/Cake/Routing/Dispatcher.php(194): Controller->render()
#3 /var/www/cake/lib/Cake/Routing/Dispatcher.php(162): Dispatcher->_invoke(Object(RacesController), Object(CakeRequest), Object(CakeResponse))
#4 /var/www/frost/webroot/index.php(102): Dispatcher->dispatch(Object(CakeRequest), Object(CakeResponse))
#5 {main}
2013-09-09 14:16:04 Error: [MissingControllerException] Controller class RaceController could not be found.
Exception Attributes: array (
  'class' => 'RaceController',
  'plugin' => NULL,
)
Request URL: /admin/race?url=%2Fadmin%2Frace
Stack Trace:
#0 /var/www/frost/webroot/index.php(102): Dispatcher->dispatch(Object(CakeRequest), Object(CakeResponse))
#1 {main}
2013-09-09 14:16:09 Error: [MissingViewException] View file "/var/www/frost/View/Races/admin_index.ctp" is missing.
Exception Attributes: array (
  'file' => '/var/www/frost/View/Races/admin_index.ctp',
)
Request URL: /admin/races?url=%2Fadmin%2Fraces
Stack Trace:
#0 /var/www/cake/lib/Cake/View/View.php(468): View->_getViewFileName(NULL)
#1 /var/www/cake/lib/Cake/Controller/Controller.php(948): View->render(NULL, NULL)
#2 /var/www/cake/lib/Cake/Routing/Dispatcher.php(194): Controller->render()
#3 /var/www/cake/lib/Cake/Routing/Dispatcher.php(162): Dispatcher->_invoke(Object(RacesController), Object(CakeRequest), Object(CakeResponse))
#4 /var/www/frost/webroot/index.php(102): Dispatcher->dispatch(Object(CakeRequest), Object(CakeResponse))
#5 {main}
2013-09-09 14:54:28 Error: [MissingControllerException] Controller class RacesController could not be found.
Exception Attributes: array (
  'class' => 'RacesController',
  'plugin' => NULL,
)
Request URL: /admin/races?url=%2Fadmin%2Fraces
Stack Trace:
#0 /var/www/frost/webroot/index.php(102): Dispatcher->dispatch(Object(CakeRequest), Object(CakeResponse))
#1 {main}
2013-09-09 15:32:34 Error: [MissingControllerException] Controller class RacesTypesController could not be found.
Exception Attributes: array (
  'class' => 'RacesTypesController',
  'plugin' => NULL,
)
Request URL: /admin/RacesTypes?url=%2Fadmin%2FRacesTypes
Stack Trace:
#0 /var/www/frost/webroot/index.php(102): Dispatcher->dispatch(Object(CakeRequest), Object(CakeResponse))
#1 {main}
2013-09-09 15:32:53 Error: [MissingControllerException] Controller class RacesTypesController could not be found.
Exception Attributes: array (
  'class' => 'RacesTypesController',
  'plugin' => NULL,
)
Request URL: /admin/RacesTypes?url=%2Fadmin%2FRacesTypes
Stack Trace:
#0 /var/www/frost/webroot/index.php(102): Dispatcher->dispatch(Object(CakeRequest), Object(CakeResponse))
#1 {main}
2013-09-09 15:33:27 Error: [PDOException] SQLSTATE[23000]: Integrity constraint violation: 1062 Duplicate entry '0' for key 'PRIMARY'
Request URL: /admin/RaceTypes/add?url=%2Fadmin%2FRaceTypes%2Fadd
Stack Trace:
#0 /var/www/cake/lib/Cake/Model/Datasource/DboSource.php(460): PDOStatement->execute(Array)
#1 /var/www/cake/lib/Cake/Model/Datasource/DboSource.php(426): DboSource->_execute('INSERT INTO `ar...', Array)
#2 /var/www/cake/lib/Cake/Model/Datasource/DboSource.php(1008): DboSource->execute('INSERT INTO `ar...')
#3 /var/www/cake/lib/Cake/Model/Model.php(1744): DboSource->create(Object(RaceType), Array, Array)
#4 /var/www/frost/Controller/RaceTypesController.php(122): Model->save(Array)
#5 [internal function]: RaceTypesController->admin_add()
#6 /var/www/cake/lib/Cake/Controller/Controller.php(486): ReflectionMethod->invokeArgs(Object(RaceTypesController), Array)
#7 /var/www/cake/lib/Cake/Routing/Dispatcher.php(187): Controller->invokeAction(Object(CakeRequest))
#8 /var/www/cake/lib/Cake/Routing/Dispatcher.php(162): Dispatcher->_invoke(Object(RaceTypesController), Object(CakeRequest), Object(CakeResponse))
#9 /var/www/frost/webroot/index.php(102): Dispatcher->dispatch(Object(CakeRequest), Object(CakeResponse))
#10 {main}
2013-09-09 15:36:00 Error: Fatal Error (1): Call to a member function find() on a non-object in [/var/www/frost/Controller/RacesController.php, line 132]
2013-09-09 15:36:00 Error: [FatalErrorException] Call to a member function find() on a non-object
Request URL: /admin/races/add?url=%2Fadmin%2Fraces%2Fadd
Stack Trace:
#0 /var/www/cake/lib/Cake/Error/ErrorHandler.php(184): ErrorHandler::handleFatalError(1, 'Call to a membe...', '/var/www/frost/...', 132)
#1 [internal function]: ErrorHandler::handleError(1, 'Call to a membe...', '/var/www/frost/...', 132, Array)
#2 /var/www/cake/lib/Cake/Core/App.php(926): call_user_func('ErrorHandler::h...', 1, 'Call to a membe...', '/var/www/frost/...', 132, Array)
#3 /var/www/cake/lib/Cake/Core/App.php(899): App::_checkFatalError()
#4 [internal function]: App::shutdown()
#5 {main}
2013-09-09 15:36:20 Error: Fatal Error (1): Call to a member function find() on a non-object in [/var/www/frost/Controller/RacesController.php, line 132]
2013-09-09 15:36:20 Error: [FatalErrorException] Call to a member function find() on a non-object
Request URL: /admin/races/add?url=%2Fadmin%2Fraces%2Fadd
Stack Trace:
#0 /var/www/cake/lib/Cake/Error/ErrorHandler.php(184): ErrorHandler::handleFatalError(1, 'Call to a membe...', '/var/www/frost/...', 132)
#1 [internal function]: ErrorHandler::handleError(1, 'Call to a membe...', '/var/www/frost/...', 132, Array)
#2 /var/www/cake/lib/Cake/Core/App.php(926): call_user_func('ErrorHandler::h...', 1, 'Call to a membe...', '/var/www/frost/...', 132, Array)
#3 /var/www/cake/lib/Cake/Core/App.php(899): App::_checkFatalError()
#4 [internal function]: App::shutdown()
#5 {main}
2013-09-09 15:36:46 Error: Fatal Error (1): Call to a member function find() on a non-object in [/var/www/frost/Controller/RacesController.php, line 132]
2013-09-09 15:36:46 Error: [FatalErrorException] Call to a member function find() on a non-object
Request URL: /admin/races/add?url=%2Fadmin%2Fraces%2Fadd
Stack Trace:
#0 /var/www/cake/lib/Cake/Error/ErrorHandler.php(184): ErrorHandler::handleFatalError(1, 'Call to a membe...', '/var/www/frost/...', 132)
#1 [internal function]: ErrorHandler::handleError(1, 'Call to a membe...', '/var/www/frost/...', 132, Array)
#2 /var/www/cake/lib/Cake/Core/App.php(926): call_user_func('ErrorHandler::h...', 1, 'Call to a membe...', '/var/www/frost/...', 132, Array)
#3 /var/www/cake/lib/Cake/Core/App.php(899): App::_checkFatalError()
#4 [internal function]: App::shutdown()
#5 {main}
2013-09-09 15:37:45 Error: Fatal Error (1): Call to a member function find() on a non-object in [/var/www/frost/Controller/RacesController.php, line 132]
2013-09-09 15:37:45 Error: [FatalErrorException] Call to a member function find() on a non-object
Request URL: /admin/races/add?url=%2Fadmin%2Fraces%2Fadd
Stack Trace:
#0 /var/www/cake/lib/Cake/Error/ErrorHandler.php(184): ErrorHandler::handleFatalError(1, 'Call to a membe...', '/var/www/frost/...', 132)
#1 [internal function]: ErrorHandler::handleError(1, 'Call to a membe...', '/var/www/frost/...', 132, Array)
#2 /var/www/cake/lib/Cake/Core/App.php(926): call_user_func('ErrorHandler::h...', 1, 'Call to a membe...', '/var/www/frost/...', 132, Array)
#3 /var/www/cake/lib/Cake/Core/App.php(899): App::_checkFatalError()
#4 [internal function]: App::shutdown()
#5 {main}
2013-09-09 16:12:39 Error: Fatal Error (1): Call to a member function find() on a non-object in [/var/www/frost/Controller/RaceTypesController.php, line 112]
2013-09-09 16:12:39 Error: [FatalErrorException] Call to a member function find() on a non-object
Request URL: /admin/RaceTypes/view/1?url=%2Fadmin%2FRaceTypes%2Fview%2F1
Stack Trace:
#0 /var/www/cake/lib/Cake/Error/ErrorHandler.php(184): ErrorHandler::handleFatalError(1, 'Call to a membe...', '/var/www/frost/...', 112)
#1 [internal function]: ErrorHandler::handleError(1, 'Call to a membe...', '/var/www/frost/...', 112, Array)
#2 /var/www/cake/lib/Cake/Core/App.php(926): call_user_func('ErrorHandler::h...', 1, 'Call to a membe...', '/var/www/frost/...', 112, Array)
#3 /var/www/cake/lib/Cake/Core/App.php(899): App::_checkFatalError()
#4 [internal function]: App::shutdown()
#5 {main}
2013-09-10 08:33:12 Error: Fatal Error (1): Call to a member function find() on a non-object in [/var/www/frost/Controller/ArmyListsController.php, line 134]
2013-09-10 08:33:12 Error: [FatalErrorException] Call to a member function find() on a non-object
Request URL: /admin/ArmyLists/add?url=%2Fadmin%2FArmyLists%2Fadd
Stack Trace:
#0 /var/www/cake/lib/Cake/Error/ErrorHandler.php(184): ErrorHandler::handleFatalError(1, 'Call to a membe...', '/var/www/frost/...', 134)
#1 [internal function]: ErrorHandler::handleError(1, 'Call to a membe...', '/var/www/frost/...', 134, Array)
#2 /var/www/cake/lib/Cake/Core/App.php(926): call_user_func('ErrorHandler::h...', 1, 'Call to a membe...', '/var/www/frost/...', 134, Array)
#3 /var/www/cake/lib/Cake/Core/App.php(899): App::_checkFatalError()
#4 [internal function]: App::shutdown()
#5 {main}
2013-09-10 08:33:27 Error: Fatal Error (1): Call to a member function find() on a non-object in [/var/www/frost/Controller/ArmyListsController.php, line 135]
2013-09-10 08:33:27 Error: [FatalErrorException] Call to a member function find() on a non-object
Request URL: /admin/ArmyLists/add?url=%2Fadmin%2FArmyLists%2Fadd
Stack Trace:
#0 /var/www/cake/lib/Cake/Error/ErrorHandler.php(184): ErrorHandler::handleFatalError(1, 'Call to a membe...', '/var/www/frost/...', 135)
#1 [internal function]: ErrorHandler::handleError(1, 'Call to a membe...', '/var/www/frost/...', 135, Array)
#2 /var/www/cake/lib/Cake/Core/App.php(926): call_user_func('ErrorHandler::h...', 1, 'Call to a membe...', '/var/www/frost/...', 135, Array)
#3 /var/www/cake/lib/Cake/Core/App.php(899): App::_checkFatalError()
#4 [internal function]: App::shutdown()
#5 {main}
2013-09-10 10:04:13 Error: Fatal Error (4): syntax error, unexpected ')', expecting ',' or ';' in [/var/www/frost/View/ArmyLists/admin_view.ctp, line 27]
2013-09-10 10:04:13 Error: [FatalErrorException] syntax error, unexpected ')', expecting ',' or ';'
Request URL: /admin/ArmyLists/view/1?url=%2Fadmin%2FArmyLists%2Fview%2F1
Stack Trace:
#0 /var/www/cake/lib/Cake/Error/ErrorHandler.php(184): ErrorHandler::handleFatalError(4, 'syntax error, u...', '/var/www/frost/...', 27)
#1 [internal function]: ErrorHandler::handleError(4, 'syntax error, u...', '/var/www/frost/...', 27, Array)
#2 /var/www/cake/lib/Cake/Core/App.php(926): call_user_func('ErrorHandler::h...', 4, 'syntax error, u...', '/var/www/frost/...', 27, Array)
#3 /var/www/cake/lib/Cake/Core/App.php(899): App::_checkFatalError()
#4 [internal function]: App::shutdown()
#5 {main}
2013-09-10 10:22:11 Error: Fatal Error (64): Cannot redeclare ArmyList::$validate in [/var/www/frost/Model/ArmyList.php, line 90]
2013-09-10 10:22:11 Error: [FatalErrorException] Cannot redeclare ArmyList::$validate
Request URL: /admin/ArmyLists/add?url=%2Fadmin%2FArmyLists%2Fadd
Stack Trace:
#0 /var/www/cake/lib/Cake/Error/ErrorHandler.php(184): ErrorHandler::handleFatalError(64, 'Cannot redeclar...', '/var/www/frost/...', 90)
#1 [internal function]: ErrorHandler::handleError(64, 'Cannot redeclar...', '/var/www/frost/...', 90, Array)
#2 /var/www/cake/lib/Cake/Core/App.php(926): call_user_func('ErrorHandler::h...', 64, 'Cannot redeclar...', '/var/www/frost/...', 90, Array)
#3 /var/www/cake/lib/Cake/Core/App.php(899): App::_checkFatalError()
#4 [internal function]: App::shutdown()
#5 {main}
2013-09-10 14:23:30 Error: [MissingViewException] View file "/var/www/frost/View/Types/admin_index.ctp" is missing.
Exception Attributes: array (
  'file' => '/var/www/frost/View/Types/admin_index.ctp',
)
Request URL: /admin/types?url=%2Fadmin%2Ftypes
Stack Trace:
#0 /var/www/cake/lib/Cake/View/View.php(468): View->_getViewFileName(NULL)
#1 /var/www/cake/lib/Cake/Controller/Controller.php(948): View->render(NULL, NULL)
#2 /var/www/cake/lib/Cake/Routing/Dispatcher.php(194): Controller->render()
#3 /var/www/cake/lib/Cake/Routing/Dispatcher.php(162): Dispatcher->_invoke(Object(TypesController), Object(CakeRequest), Object(CakeResponse))
#4 /var/www/frost/webroot/index.php(102): Dispatcher->dispatch(Object(CakeRequest), Object(CakeResponse))
#5 {main}
2013-09-10 14:47:58 Error: Fatal Error (1): Call to a member function find() on a non-object in [/var/www/frost/Controller/SquadsController.php, line 134]
2013-09-10 14:47:58 Error: [FatalErrorException] Call to a member function find() on a non-object
Request URL: /admin/squads/add?url=%2Fadmin%2Fsquads%2Fadd
Stack Trace:
#0 /var/www/cake/lib/Cake/Error/ErrorHandler.php(184): ErrorHandler::handleFatalError(1, 'Call to a membe...', '/var/www/frost/...', 134)
#1 [internal function]: ErrorHandler::handleError(1, 'Call to a membe...', '/var/www/frost/...', 134, Array)
#2 /var/www/cake/lib/Cake/Core/App.php(926): call_user_func('ErrorHandler::h...', 1, 'Call to a membe...', '/var/www/frost/...', 134, Array)
#3 /var/www/cake/lib/Cake/Core/App.php(899): App::_checkFatalError()
#4 [internal function]: App::shutdown()
#5 {main}
2013-09-10 15:15:11 Error: Fatal Error (1): Call to a member function find() on a non-object in [/var/www/frost/Controller/UnitsController.php, line 132]
2013-09-10 15:15:11 Error: [FatalErrorException] Call to a member function find() on a non-object
Request URL: /admin/units/add?url=%2Fadmin%2Funits%2Fadd
Stack Trace:
#0 /var/www/cake/lib/Cake/Error/ErrorHandler.php(184): ErrorHandler::handleFatalError(1, 'Call to a membe...', '/var/www/frost/...', 132)
#1 [internal function]: ErrorHandler::handleError(1, 'Call to a membe...', '/var/www/frost/...', 132, Array)
#2 /var/www/cake/lib/Cake/Core/App.php(926): call_user_func('ErrorHandler::h...', 1, 'Call to a membe...', '/var/www/frost/...', 132, Array)
#3 /var/www/cake/lib/Cake/Core/App.php(899): App::_checkFatalError()
#4 [internal function]: App::shutdown()
#5 {main}
2013-09-10 15:18:48 Error: Fatal Error (1): Call to a member function find() on a non-object in [/var/www/frost/Controller/UnitsController.php, line 156]
2013-09-10 15:18:48 Error: [FatalErrorException] Call to a member function find() on a non-object
Request URL: /admin/units/edit/2?url=%2Fadmin%2Funits%2Fedit%2F2
Stack Trace:
#0 /var/www/cake/lib/Cake/Error/ErrorHandler.php(184): ErrorHandler::handleFatalError(1, 'Call to a membe...', '/var/www/frost/...', 156)
#1 [internal function]: ErrorHandler::handleError(1, 'Call to a membe...', '/var/www/frost/...', 156, Array)
#2 /var/www/cake/lib/Cake/Core/App.php(926): call_user_func('ErrorHandler::h...', 1, 'Call to a membe...', '/var/www/frost/...', 156, Array)
#3 /var/www/cake/lib/Cake/Core/App.php(899): App::_checkFatalError()
#4 [internal function]: App::shutdown()
#5 {main}
2013-09-10 15:36:41 Error: [MissingControllerException] Controller class CssController could not be found.
Exception Attributes: array (
  'class' => 'CssController',
  'plugin' => NULL,
)
Request URL: /css/fonts/glyphicons-halflings-regular.woff?url=%2Fcss%2Ffonts%2Fglyphicons-halflings-regular.woff
Stack Trace:
#0 /var/www/frost/webroot/index.php(102): Dispatcher->dispatch(Object(CakeRequest), Object(CakeResponse))
#1 {main}
2013-09-10 15:36:41 Error: [MissingControllerException] Controller class CssController could not be found.
Exception Attributes: array (
  'class' => 'CssController',
  'plugin' => NULL,
)
Request URL: /css/fonts/glyphicons-halflings-regular.ttf?url=%2Fcss%2Ffonts%2Fglyphicons-halflings-regular.ttf
Stack Trace:
#0 /var/www/frost/webroot/index.php(102): Dispatcher->dispatch(Object(CakeRequest), Object(CakeResponse))
#1 {main}
2013-09-10 15:36:41 Error: [MissingControllerException] Controller class CssController could not be found.
Exception Attributes: array (
  'class' => 'CssController',
  'plugin' => NULL,
)
Request URL: /css/fonts/glyphicons-halflings-regular.svg?url=%2Fcss%2Ffonts%2Fglyphicons-halflings-regular.svg
Stack Trace:
#0 /var/www/frost/webroot/index.php(102): Dispatcher->dispatch(Object(CakeRequest), Object(CakeResponse))
#1 {main}
2013-09-10 15:36:59 Error: [MissingControllerException] Controller class CssController could not be found.
Exception Attributes: array (
  'class' => 'CssController',
  'plugin' => NULL,
)
Request URL: /css/fonts/glyphicons-halflings-regular.woff?url=%2Fcss%2Ffonts%2Fglyphicons-halflings-regular.woff
Stack Trace:
#0 /var/www/frost/webroot/index.php(102): Dispatcher->dispatch(Object(CakeRequest), Object(CakeResponse))
#1 {main}
2013-09-10 15:36:59 Error: [MissingControllerException] Controller class CssController could not be found.
Exception Attributes: array (
  'class' => 'CssController',
  'plugin' => NULL,
)
Request URL: /css/fonts/glyphicons-halflings-regular.ttf?url=%2Fcss%2Ffonts%2Fglyphicons-halflings-regular.ttf
Stack Trace:
#0 /var/www/frost/webroot/index.php(102): Dispatcher->dispatch(Object(CakeRequest), Object(CakeResponse))
#1 {main}
2013-09-10 15:36:59 Error: [MissingControllerException] Controller class CssController could not be found.
Exception Attributes: array (
  'class' => 'CssController',
  'plugin' => NULL,
)
Request URL: /css/fonts/glyphicons-halflings-regular.svg?url=%2Fcss%2Ffonts%2Fglyphicons-halflings-regular.svg
Stack Trace:
#0 /var/www/frost/webroot/index.php(102): Dispatcher->dispatch(Object(CakeRequest), Object(CakeResponse))
#1 {main}
2013-09-10 15:37:18 Error: [MissingControllerException] Controller class CssController could not be found.
Exception Attributes: array (
  'class' => 'CssController',
  'plugin' => NULL,
)
Request URL: /css/fonts/glyphicons-halflings-regular.woff?url=%2Fcss%2Ffonts%2Fglyphicons-halflings-regular.woff
Stack Trace:
#0 /var/www/frost/webroot/index.php(102): Dispatcher->dispatch(Object(CakeRequest), Object(CakeResponse))
#1 {main}
2013-09-10 15:37:19 Error: [MissingControllerException] Controller class CssController could not be found.
Exception Attributes: array (
  'class' => 'CssController',
  'plugin' => NULL,
)
Request URL: /css/fonts/glyphicons-halflings-regular.ttf?url=%2Fcss%2Ffonts%2Fglyphicons-halflings-regular.ttf
Stack Trace:
#0 /var/www/frost/webroot/index.php(102): Dispatcher->dispatch(Object(CakeRequest), Object(CakeResponse))
#1 {main}
2013-09-10 15:37:19 Error: [MissingControllerException] Controller class CssController could not be found.
Exception Attributes: array (
  'class' => 'CssController',
  'plugin' => NULL,
)
Request URL: /css/fonts/glyphicons-halflings-regular.svg?url=%2Fcss%2Ffonts%2Fglyphicons-halflings-regular.svg
Stack Trace:
#0 /var/www/frost/webroot/index.php(102): Dispatcher->dispatch(Object(CakeRequest), Object(CakeResponse))
#1 {main}
2013-09-10 15:37:20 Error: [MissingControllerException] Controller class CssController could not be found.
Exception Attributes: array (
  'class' => 'CssController',
  'plugin' => NULL,
)
Request URL: /css/fonts/glyphicons-halflings-regular.woff?url=%2Fcss%2Ffonts%2Fglyphicons-halflings-regular.woff
Stack Trace:
#0 /var/www/frost/webroot/index.php(102): Dispatcher->dispatch(Object(CakeRequest), Object(CakeResponse))
#1 {main}
2013-09-10 15:37:20 Error: [MissingControllerException] Controller class CssController could not be found.
Exception Attributes: array (
  'class' => 'CssController',
  'plugin' => NULL,
)
Request URL: /css/fonts/glyphicons-halflings-regular.ttf?url=%2Fcss%2Ffonts%2Fglyphicons-halflings-regular.ttf
Stack Trace:
#0 /var/www/frost/webroot/index.php(102): Dispatcher->dispatch(Object(CakeRequest), Object(CakeResponse))
#1 {main}
2013-09-10 15:37:20 Error: [MissingControllerException] Controller class CssController could not be found.
Exception Attributes: array (
  'class' => 'CssController',
  'plugin' => NULL,
)
Request URL: /css/fonts/glyphicons-halflings-regular.svg?url=%2Fcss%2Ffonts%2Fglyphicons-halflings-regular.svg
Stack Trace:
#0 /var/www/frost/webroot/index.php(102): Dispatcher->dispatch(Object(CakeRequest), Object(CakeResponse))
#1 {main}
2013-09-10 15:42:23 Error: [MissingControllerException] Controller class CssController could not be found.
Exception Attributes: array (
  'class' => 'CssController',
  'plugin' => NULL,
)
Request URL: /css/libs/bootstrap-responsive.min.css?url=%2Fcss%2Flibs%2Fbootstrap-responsive.min.css
Stack Trace:
#0 /var/www/frost/webroot/index.php(102): Dispatcher->dispatch(Object(CakeRequest), Object(CakeResponse))
#1 {main}
2013-09-10 15:42:23 Error: [MissingControllerException] Controller class CssController could not be found.
Exception Attributes: array (
  'class' => 'CssController',
  'plugin' => NULL,
)
Request URL: /css/libs/icons.css?url=%2Fcss%2Flibs%2Ficons.css
Stack Trace:
#0 /var/www/frost/webroot/index.php(102): Dispatcher->dispatch(Object(CakeRequest), Object(CakeResponse))
#1 {main}
2013-09-10 15:48:00 Error: [MissingControllerException] Controller class CssController could not be found.
Exception Attributes: array (
  'class' => 'CssController',
  'plugin' => NULL,
)
Request URL: /css/libs/bootstrap-responsive.min.css?url=%2Fcss%2Flibs%2Fbootstrap-responsive.min.css
Stack Trace:
#0 /var/www/frost/webroot/index.php(102): Dispatcher->dispatch(Object(CakeRequest), Object(CakeResponse))
#1 {main}
2013-09-10 15:48:00 Error: [MissingControllerException] Controller class CssController could not be found.
Exception Attributes: array (
  'class' => 'CssController',
  'plugin' => NULL,
)
Request URL: /css/libs/icons.css?url=%2Fcss%2Flibs%2Ficons.css
Stack Trace:
#0 /var/www/frost/webroot/index.php(102): Dispatcher->dispatch(Object(CakeRequest), Object(CakeResponse))
#1 {main}
2013-09-10 15:48:35 Error: [MissingControllerException] Controller class CssController could not be found.
Exception Attributes: array (
  'class' => 'CssController',
  'plugin' => NULL,
)
Request URL: /css/libs/bootstrap-responsive.min.css?url=%2Fcss%2Flibs%2Fbootstrap-responsive.min.css
Stack Trace:
#0 /var/www/frost/webroot/index.php(102): Dispatcher->dispatch(Object(CakeRequest), Object(CakeResponse))
#1 {main}
2013-09-10 15:48:35 Error: [MissingControllerException] Controller class CssController could not be found.
Exception Attributes: array (
  'class' => 'CssController',
  'plugin' => NULL,
)
Request URL: /css/libs/icons.css?url=%2Fcss%2Flibs%2Ficons.css
Stack Trace:
#0 /var/www/frost/webroot/index.php(102): Dispatcher->dispatch(Object(CakeRequest), Object(CakeResponse))
#1 {main}
2013-09-10 15:48:57 Error: [MissingControllerException] Controller class CssController could not be found.
Exception Attributes: array (
  'class' => 'CssController',
  'plugin' => NULL,
)
Request URL: /css/libs/bootstrap-responsive.min.css?url=%2Fcss%2Flibs%2Fbootstrap-responsive.min.css
Stack Trace:
#0 /var/www/frost/webroot/index.php(102): Dispatcher->dispatch(Object(CakeRequest), Object(CakeResponse))
#1 {main}
2013-09-10 15:48:57 Error: [MissingControllerException] Controller class CssController could not be found.
Exception Attributes: array (
  'class' => 'CssController',
  'plugin' => NULL,
)
Request URL: /css/libs/icons.css?url=%2Fcss%2Flibs%2Ficons.css
Stack Trace:
#0 /var/www/frost/webroot/index.php(102): Dispatcher->dispatch(Object(CakeRequest), Object(CakeResponse))
#1 {main}
2013-09-10 15:48:58 Error: [MissingControllerException] Controller class CssController could not be found.
Exception Attributes: array (
  'class' => 'CssController',
  'plugin' => NULL,
)
Request URL: /css/libs/bootstrap-responsive.min.css?url=%2Fcss%2Flibs%2Fbootstrap-responsive.min.css
Stack Trace:
#0 /var/www/frost/webroot/index.php(102): Dispatcher->dispatch(Object(CakeRequest), Object(CakeResponse))
#1 {main}
2013-09-10 15:48:58 Error: [MissingControllerException] Controller class CssController could not be found.
Exception Attributes: array (
  'class' => 'CssController',
  'plugin' => NULL,
)
Request URL: /css/libs/icons.css?url=%2Fcss%2Flibs%2Ficons.css
Stack Trace:
#0 /var/www/frost/webroot/index.php(102): Dispatcher->dispatch(Object(CakeRequest), Object(CakeResponse))
#1 {main}
2013-09-10 15:52:23 Error: [MissingControllerException] Controller class CssController could not be found.
Exception Attributes: array (
  'class' => 'CssController',
  'plugin' => NULL,
)
Request URL: /css/libs/bootstrap-responsive.min.css?url=%2Fcss%2Flibs%2Fbootstrap-responsive.min.css
Stack Trace:
#0 /var/www/frost/webroot/index.php(102): Dispatcher->dispatch(Object(CakeRequest), Object(CakeResponse))
#1 {main}
2013-09-10 15:52:23 Error: [MissingControllerException] Controller class CssController could not be found.
Exception Attributes: array (
  'class' => 'CssController',
  'plugin' => NULL,
)
Request URL: /css/libs/icons.css?url=%2Fcss%2Flibs%2Ficons.css
Stack Trace:
#0 /var/www/frost/webroot/index.php(102): Dispatcher->dispatch(Object(CakeRequest), Object(CakeResponse))
#1 {main}
2013-09-10 15:52:29 Error: [MissingControllerException] Controller class CssController could not be found.
Exception Attributes: array (
  'class' => 'CssController',
  'plugin' => NULL,
)
Request URL: /css/libs/bootstrap-responsive.min.css?url=%2Fcss%2Flibs%2Fbootstrap-responsive.min.css
Stack Trace:
#0 /var/www/frost/webroot/index.php(102): Dispatcher->dispatch(Object(CakeRequest), Object(CakeResponse))
#1 {main}
2013-09-10 15:52:29 Error: [MissingControllerException] Controller class CssController could not be found.
Exception Attributes: array (
  'class' => 'CssController',
  'plugin' => NULL,
)
Request URL: /css/libs/icons.css?url=%2Fcss%2Flibs%2Ficons.css
Stack Trace:
#0 /var/www/frost/webroot/index.php(102): Dispatcher->dispatch(Object(CakeRequest), Object(CakeResponse))
#1 {main}
2013-09-10 15:52:51 Error: [MissingControllerException] Controller class CssController could not be found.
Exception Attributes: array (
  'class' => 'CssController',
  'plugin' => NULL,
)
Request URL: /css/libs/bootstrap-responsive.min.css?url=%2Fcss%2Flibs%2Fbootstrap-responsive.min.css
Stack Trace:
#0 /var/www/frost/webroot/index.php(102): Dispatcher->dispatch(Object(CakeRequest), Object(CakeResponse))
#1 {main}
2013-09-10 15:52:51 Error: [MissingControllerException] Controller class CssController could not be found.
Exception Attributes: array (
  'class' => 'CssController',
  'plugin' => NULL,
)
Request URL: /css/libs/icons.css?url=%2Fcss%2Flibs%2Ficons.css
Stack Trace:
#0 /var/www/frost/webroot/index.php(102): Dispatcher->dispatch(Object(CakeRequest), Object(CakeResponse))
#1 {main}
2013-09-10 15:52:58 Error: [MissingControllerException] Controller class CssController could not be found.
Exception Attributes: array (
  'class' => 'CssController',
  'plugin' => NULL,
)
Request URL: /css/libs/bootstrap-responsive.min.css?url=%2Fcss%2Flibs%2Fbootstrap-responsive.min.css
Stack Trace:
#0 /var/www/frost/webroot/index.php(102): Dispatcher->dispatch(Object(CakeRequest), Object(CakeResponse))
#1 {main}
2013-09-10 15:52:58 Error: [MissingControllerException] Controller class CssController could not be found.
Exception Attributes: array (
  'class' => 'CssController',
  'plugin' => NULL,
)
Request URL: /css/libs/icons.css?url=%2Fcss%2Flibs%2Ficons.css
Stack Trace:
#0 /var/www/frost/webroot/index.php(102): Dispatcher->dispatch(Object(CakeRequest), Object(CakeResponse))
#1 {main}
2013-09-10 15:53:05 Error: [MissingControllerException] Controller class CssController could not be found.
Exception Attributes: array (
  'class' => 'CssController',
  'plugin' => NULL,
)
Request URL: /css/libs/bootstrap-responsive.min.css?url=%2Fcss%2Flibs%2Fbootstrap-responsive.min.css
Stack Trace:
#0 /var/www/frost/webroot/index.php(102): Dispatcher->dispatch(Object(CakeRequest), Object(CakeResponse))
#1 {main}
2013-09-10 15:53:05 Error: [MissingControllerException] Controller class CssController could not be found.
Exception Attributes: array (
  'class' => 'CssController',
  'plugin' => NULL,
)
Request URL: /css/libs/icons.css?url=%2Fcss%2Flibs%2Ficons.css
Stack Trace:
#0 /var/www/frost/webroot/index.php(102): Dispatcher->dispatch(Object(CakeRequest), Object(CakeResponse))
#1 {main}
2013-09-10 15:53:13 Error: [MissingControllerException] Controller class CssController could not be found.
Exception Attributes: array (
  'class' => 'CssController',
  'plugin' => NULL,
)
Request URL: /css/libs/bootstrap-responsive.min.css?url=%2Fcss%2Flibs%2Fbootstrap-responsive.min.css
Stack Trace:
#0 /var/www/frost/webroot/index.php(102): Dispatcher->dispatch(Object(CakeRequest), Object(CakeResponse))
#1 {main}
2013-09-10 15:53:13 Error: [MissingControllerException] Controller class CssController could not be found.
Exception Attributes: array (
  'class' => 'CssController',
  'plugin' => NULL,
)
Request URL: /css/libs/icons.css?url=%2Fcss%2Flibs%2Ficons.css
Stack Trace:
#0 /var/www/frost/webroot/index.php(102): Dispatcher->dispatch(Object(CakeRequest), Object(CakeResponse))
#1 {main}
2013-09-10 15:53:27 Error: [MissingControllerException] Controller class CssController could not be found.
Exception Attributes: array (
  'class' => 'CssController',
  'plugin' => NULL,
)
Request URL: /css/libs/bootstrap-responsive.min.css?url=%2Fcss%2Flibs%2Fbootstrap-responsive.min.css
Stack Trace:
#0 /var/www/frost/webroot/index.php(102): Dispatcher->dispatch(Object(CakeRequest), Object(CakeResponse))
#1 {main}
2013-09-10 15:53:27 Error: [MissingControllerException] Controller class CssController could not be found.
Exception Attributes: array (
  'class' => 'CssController',
  'plugin' => NULL,
)
Request URL: /css/libs/icons.css?url=%2Fcss%2Flibs%2Ficons.css
Stack Trace:
#0 /var/www/frost/webroot/index.php(102): Dispatcher->dispatch(Object(CakeRequest), Object(CakeResponse))
#1 {main}
2013-09-10 15:55:02 Error: [MissingControllerException] Controller class CssController could not be found.
Exception Attributes: array (
  'class' => 'CssController',
  'plugin' => NULL,
)
Request URL: /css/libs/bootstrap-responsive.min.css?url=%2Fcss%2Flibs%2Fbootstrap-responsive.min.css
Stack Trace:
#0 /var/www/frost/webroot/index.php(102): Dispatcher->dispatch(Object(CakeRequest), Object(CakeResponse))
#1 {main}
2013-09-10 15:55:02 Error: [MissingControllerException] Controller class CssController could not be found.
Exception Attributes: array (
  'class' => 'CssController',
  'plugin' => NULL,
)
Request URL: /css/libs/icons.css?url=%2Fcss%2Flibs%2Ficons.css
Stack Trace:
#0 /var/www/frost/webroot/index.php(102): Dispatcher->dispatch(Object(CakeRequest), Object(CakeResponse))
#1 {main}
2013-09-10 15:55:02 Error: [MissingControllerException] Controller class FontsController could not be found.
Exception Attributes: array (
  'class' => 'FontsController',
  'plugin' => NULL,
)
Request URL: /fonts/glyphiconshalflings-regular.woff?url=%2Ffonts%2Fglyphiconshalflings-regular.woff
Stack Trace:
#0 /var/www/frost/webroot/index.php(102): Dispatcher->dispatch(Object(CakeRequest), Object(CakeResponse))
#1 {main}
2013-09-10 15:55:03 Error: [MissingControllerException] Controller class FontsController could not be found.
Exception Attributes: array (
  'class' => 'FontsController',
  'plugin' => NULL,
)
Request URL: /fonts/glyphiconshalflings-regular.ttf?url=%2Ffonts%2Fglyphiconshalflings-regular.ttf
Stack Trace:
#0 /var/www/frost/webroot/index.php(102): Dispatcher->dispatch(Object(CakeRequest), Object(CakeResponse))
#1 {main}
2013-09-10 15:55:03 Error: [MissingControllerException] Controller class FontsController could not be found.
Exception Attributes: array (
  'class' => 'FontsController',
  'plugin' => NULL,
)
Request URL: /fonts/glyphiconshalflings-regular.svg?url=%2Ffonts%2Fglyphiconshalflings-regular.svg
Stack Trace:
#0 /var/www/frost/webroot/index.php(102): Dispatcher->dispatch(Object(CakeRequest), Object(CakeResponse))
#1 {main}
2013-09-10 15:55:16 Error: [MissingControllerException] Controller class CssController could not be found.
Exception Attributes: array (
  'class' => 'CssController',
  'plugin' => NULL,
)
Request URL: /css/libs/bootstrap-responsive.min.css?url=%2Fcss%2Flibs%2Fbootstrap-responsive.min.css
Stack Trace:
#0 /var/www/frost/webroot/index.php(102): Dispatcher->dispatch(Object(CakeRequest), Object(CakeResponse))
#1 {main}
2013-09-10 15:55:16 Error: [MissingControllerException] Controller class CssController could not be found.
Exception Attributes: array (
  'class' => 'CssController',
  'plugin' => NULL,
)
Request URL: /css/libs/icons.css?url=%2Fcss%2Flibs%2Ficons.css
Stack Trace:
#0 /var/www/frost/webroot/index.php(102): Dispatcher->dispatch(Object(CakeRequest), Object(CakeResponse))
#1 {main}
2013-09-10 15:55:16 Error: [MissingControllerException] Controller class FontsController could not be found.
Exception Attributes: array (
  'class' => 'FontsController',
  'plugin' => NULL,
)
Request URL: /fonts/glyphiconshalflings-regular.woff?url=%2Ffonts%2Fglyphiconshalflings-regular.woff
Stack Trace:
#0 /var/www/frost/webroot/index.php(102): Dispatcher->dispatch(Object(CakeRequest), Object(CakeResponse))
#1 {main}
2013-09-10 15:55:16 Error: [MissingControllerException] Controller class FontsController could not be found.
Exception Attributes: array (
  'class' => 'FontsController',
  'plugin' => NULL,
)
Request URL: /fonts/glyphiconshalflings-regular.ttf?url=%2Ffonts%2Fglyphiconshalflings-regular.ttf
Stack Trace:
#0 /var/www/frost/webroot/index.php(102): Dispatcher->dispatch(Object(CakeRequest), Object(CakeResponse))
#1 {main}
2013-09-10 15:55:16 Error: [MissingControllerException] Controller class FontsController could not be found.
Exception Attributes: array (
  'class' => 'FontsController',
  'plugin' => NULL,
)
Request URL: /fonts/glyphiconshalflings-regular.svg?url=%2Ffonts%2Fglyphiconshalflings-regular.svg
Stack Trace:
#0 /var/www/frost/webroot/index.php(102): Dispatcher->dispatch(Object(CakeRequest), Object(CakeResponse))
#1 {main}
2013-09-10 15:56:33 Error: [MissingControllerException] Controller class FontsController could not be found.
Exception Attributes: array (
  'class' => 'FontsController',
  'plugin' => NULL,
)
Request URL: /fonts/glyphiconshalflings-regular.woff?url=%2Ffonts%2Fglyphiconshalflings-regular.woff
Stack Trace:
#0 /var/www/frost/webroot/index.php(102): Dispatcher->dispatch(Object(CakeRequest), Object(CakeResponse))
#1 {main}
2013-09-10 15:56:33 Error: [MissingControllerException] Controller class FontsController could not be found.
Exception Attributes: array (
  'class' => 'FontsController',
  'plugin' => NULL,
)
Request URL: /fonts/glyphiconshalflings-regular.ttf?url=%2Ffonts%2Fglyphiconshalflings-regular.ttf
Stack Trace:
#0 /var/www/frost/webroot/index.php(102): Dispatcher->dispatch(Object(CakeRequest), Object(CakeResponse))
#1 {main}
2013-09-10 15:56:33 Error: [MissingControllerException] Controller class FontsController could not be found.
Exception Attributes: array (
  'class' => 'FontsController',
  'plugin' => NULL,
)
Request URL: /fonts/glyphiconshalflings-regular.svg?url=%2Ffonts%2Fglyphiconshalflings-regular.svg
Stack Trace:
#0 /var/www/frost/webroot/index.php(102): Dispatcher->dispatch(Object(CakeRequest), Object(CakeResponse))
#1 {main}
2013-09-10 15:57:19 Error: [MissingControllerException] Controller class CssController could not be found.
Exception Attributes: array (
  'class' => 'CssController',
  'plugin' => NULL,
)
Request URL: /css/libs/bootstrap-responsive.min.css?url=%2Fcss%2Flibs%2Fbootstrap-responsive.min.css
Stack Trace:
#0 /var/www/frost/webroot/index.php(102): Dispatcher->dispatch(Object(CakeRequest), Object(CakeResponse))
#1 {main}
2013-09-10 15:57:19 Error: [MissingControllerException] Controller class CssController could not be found.
Exception Attributes: array (
  'class' => 'CssController',
  'plugin' => NULL,
)
Request URL: /css/libs/icons.css?url=%2Fcss%2Flibs%2Ficons.css
Stack Trace:
#0 /var/www/frost/webroot/index.php(102): Dispatcher->dispatch(Object(CakeRequest), Object(CakeResponse))
#1 {main}
2013-09-10 15:57:19 Error: [MissingControllerException] Controller class FontsController could not be found.
Exception Attributes: array (
  'class' => 'FontsController',
  'plugin' => NULL,
)
Request URL: /fonts/glyphiconshalflings-regular.woff?url=%2Ffonts%2Fglyphiconshalflings-regular.woff
Stack Trace:
#0 /var/www/frost/webroot/index.php(102): Dispatcher->dispatch(Object(CakeRequest), Object(CakeResponse))
#1 {main}
2013-09-10 15:57:19 Error: [MissingControllerException] Controller class FontsController could not be found.
Exception Attributes: array (
  'class' => 'FontsController',
  'plugin' => NULL,
)
Request URL: /fonts/glyphiconshalflings-regular.ttf?url=%2Ffonts%2Fglyphiconshalflings-regular.ttf
Stack Trace:
#0 /var/www/frost/webroot/index.php(102): Dispatcher->dispatch(Object(CakeRequest), Object(CakeResponse))
#1 {main}
2013-09-10 15:57:19 Error: [MissingControllerException] Controller class FontsController could not be found.
Exception Attributes: array (
  'class' => 'FontsController',
  'plugin' => NULL,
)
Request URL: /fonts/glyphiconshalflings-regular.svg?url=%2Ffonts%2Fglyphiconshalflings-regular.svg
Stack Trace:
#0 /var/www/frost/webroot/index.php(102): Dispatcher->dispatch(Object(CakeRequest), Object(CakeResponse))
#1 {main}
2013-09-10 15:58:15 Error: [MissingControllerException] Controller class CssController could not be found.
Exception Attributes: array (
  'class' => 'CssController',
  'plugin' => NULL,
)
Request URL: /css/libs/bootstrap-responsive.min.css?url=%2Fcss%2Flibs%2Fbootstrap-responsive.min.css
Stack Trace:
#0 /var/www/frost/webroot/index.php(102): Dispatcher->dispatch(Object(CakeRequest), Object(CakeResponse))
#1 {main}
2013-09-10 15:58:15 Error: [MissingControllerException] Controller class CssController could not be found.
Exception Attributes: array (
  'class' => 'CssController',
  'plugin' => NULL,
)
Request URL: /css/libs/icons.css?url=%2Fcss%2Flibs%2Ficons.css
Stack Trace:
#0 /var/www/frost/webroot/index.php(102): Dispatcher->dispatch(Object(CakeRequest), Object(CakeResponse))
#1 {main}
2013-09-10 15:58:15 Error: [MissingControllerException] Controller class FontsController could not be found.
Exception Attributes: array (
  'class' => 'FontsController',
  'plugin' => NULL,
)
Request URL: /fonts/glyphiconshalflings-regular.woff?url=%2Ffonts%2Fglyphiconshalflings-regular.woff
Stack Trace:
#0 /var/www/frost/webroot/index.php(102): Dispatcher->dispatch(Object(CakeRequest), Object(CakeResponse))
#1 {main}
2013-09-10 15:58:16 Error: [MissingControllerException] Controller class FontsController could not be found.
Exception Attributes: array (
  'class' => 'FontsController',
  'plugin' => NULL,
)
Request URL: /fonts/glyphiconshalflings-regular.ttf?url=%2Ffonts%2Fglyphiconshalflings-regular.ttf
Stack Trace:
#0 /var/www/frost/webroot/index.php(102): Dispatcher->dispatch(Object(CakeRequest), Object(CakeResponse))
#1 {main}
2013-09-10 15:58:16 Error: [MissingControllerException] Controller class FontsController could not be found.
Exception Attributes: array (
  'class' => 'FontsController',
  'plugin' => NULL,
)
Request URL: /fonts/glyphiconshalflings-regular.svg?url=%2Ffonts%2Fglyphiconshalflings-regular.svg
Stack Trace:
#0 /var/www/frost/webroot/index.php(102): Dispatcher->dispatch(Object(CakeRequest), Object(CakeResponse))
#1 {main}
2013-09-10 15:58:59 Error: [MissingHelperException] Helper class UserHelper could not be found.
Exception Attributes: array (
  'class' => 'UserHelper',
  'plugin' => false,
)
Request URL: /admin/units?url=%2Fadmin%2Funits
Stack Trace:
#0 /var/www/cake/lib/Cake/View/HelperCollection.php(63): HelperCollection->load('User')
#1 /var/www/cake/lib/Cake/View/View.php(835): HelperCollection->__isset('User')
#2 /var/www/frost/View/Layouts/admin.ctp(46): View->__get('User')
#3 /var/www/cake/lib/Cake/View/View.php(947): include('/var/www/frost/...')
#4 /var/www/cake/lib/Cake/View/View.php(909): View->_evaluate('/var/www/frost/...', Array)
#5 /var/www/cake/lib/Cake/View/View.php(535): View->_render('/var/www/frost/...')
#6 /var/www/cake/lib/Cake/View/View.php(479): View->renderLayout('', 'admin')
#7 /var/www/cake/lib/Cake/Controller/Controller.php(948): View->render(NULL, NULL)
#8 /var/www/cake/lib/Cake/Routing/Dispatcher.php(194): Controller->render()
#9 /var/www/cake/lib/Cake/Routing/Dispatcher.php(162): Dispatcher->_invoke(Object(UnitsController), Object(CakeRequest), Object(CakeResponse))
#10 /var/www/frost/webroot/index.php(102): Dispatcher->dispatch(Object(CakeRequest), Object(CakeResponse))
#11 {main}
2013-09-10 15:58:59 Error: [MissingControllerException] Controller class CssController could not be found.
Exception Attributes: array (
  'class' => 'CssController',
  'plugin' => NULL,
)
Request URL: /css/libs/bootstrap-responsive.min.css?url=%2Fcss%2Flibs%2Fbootstrap-responsive.min.css
Stack Trace:
#0 /var/www/frost/webroot/index.php(102): Dispatcher->dispatch(Object(CakeRequest), Object(CakeResponse))
#1 {main}
2013-09-10 15:58:59 Error: [MissingControllerException] Controller class CssController could not be found.
Exception Attributes: array (
  'class' => 'CssController',
  'plugin' => NULL,
)
Request URL: /css/libs/icons.css?url=%2Fcss%2Flibs%2Ficons.css
Stack Trace:
#0 /var/www/frost/webroot/index.php(102): Dispatcher->dispatch(Object(CakeRequest), Object(CakeResponse))
#1 {main}
2013-09-10 15:58:59 Error: [MissingControllerException] Controller class ImgController could not be found.
Exception Attributes: array (
  'class' => 'ImgController',
  'plugin' => NULL,
)
Request URL: /img/cake.icon.png?url=%2Fimg%2Fcake.icon.png
Stack Trace:
#0 /var/www/frost/webroot/index.php(102): Dispatcher->dispatch(Object(CakeRequest), Object(CakeResponse))
#1 {main}
2013-09-10 15:59:13 Error: [MissingHelperException] Helper class UserHelper could not be found.
Exception Attributes: array (
  'class' => 'UserHelper',
  'plugin' => false,
)
Request URL: /admin/units?url=%2Fadmin%2Funits
Stack Trace:
#0 /var/www/cake/lib/Cake/View/HelperCollection.php(63): HelperCollection->load('User')
#1 /var/www/cake/lib/Cake/View/View.php(835): HelperCollection->__isset('User')
#2 /var/www/frost/View/Layouts/admin.ctp(67): View->__get('User')
#3 /var/www/cake/lib/Cake/View/View.php(947): include('/var/www/frost/...')
#4 /var/www/cake/lib/Cake/View/View.php(909): View->_evaluate('/var/www/frost/...', Array)
#5 /var/www/cake/lib/Cake/View/View.php(535): View->_render('/var/www/frost/...')
#6 /var/www/cake/lib/Cake/View/View.php(479): View->renderLayout('', 'admin')
#7 /var/www/cake/lib/Cake/Controller/Controller.php(948): View->render(NULL, NULL)
#8 /var/www/cake/lib/Cake/Routing/Dispatcher.php(194): Controller->render()
#9 /var/www/cake/lib/Cake/Routing/Dispatcher.php(162): Dispatcher->_invoke(Object(UnitsController), Object(CakeRequest), Object(CakeResponse))
#10 /var/www/frost/webroot/index.php(102): Dispatcher->dispatch(Object(CakeRequest), Object(CakeResponse))
#11 {main}
2013-09-10 15:59:13 Error: [MissingControllerException] Controller class CssController could not be found.
Exception Attributes: array (
  'class' => 'CssController',
  'plugin' => NULL,
)
Request URL: /css/libs/bootstrap-responsive.min.css?url=%2Fcss%2Flibs%2Fbootstrap-responsive.min.css
Stack Trace:
#0 /var/www/frost/webroot/index.php(102): Dispatcher->dispatch(Object(CakeRequest), Object(CakeResponse))
#1 {main}
2013-09-10 15:59:13 Error: [MissingControllerException] Controller class CssController could not be found.
Exception Attributes: array (
  'class' => 'CssController',
  'plugin' => NULL,
)
Request URL: /css/libs/icons.css?url=%2Fcss%2Flibs%2Ficons.css
Stack Trace:
#0 /var/www/frost/webroot/index.php(102): Dispatcher->dispatch(Object(CakeRequest), Object(CakeResponse))
#1 {main}
2013-09-10 15:59:14 Error: [MissingControllerException] Controller class ImgController could not be found.
Exception Attributes: array (
  'class' => 'ImgController',
  'plugin' => NULL,
)
Request URL: /img/cake.icon.png?url=%2Fimg%2Fcake.icon.png
Stack Trace:
#0 /var/www/frost/webroot/index.php(102): Dispatcher->dispatch(Object(CakeRequest), Object(CakeResponse))
#1 {main}
2013-09-10 15:59:14 Error: [MissingControllerException] Controller class FontsController could not be found.
Exception Attributes: array (
  'class' => 'FontsController',
  'plugin' => NULL,
)
Request URL: /fonts/glyphiconshalflings-regular.woff?url=%2Ffonts%2Fglyphiconshalflings-regular.woff
Stack Trace:
#0 /var/www/frost/webroot/index.php(102): Dispatcher->dispatch(Object(CakeRequest), Object(CakeResponse))
#1 {main}
2013-09-10 15:59:14 Error: [MissingControllerException] Controller class FontsController could not be found.
Exception Attributes: array (
  'class' => 'FontsController',
  'plugin' => NULL,
)
Request URL: /fonts/glyphiconshalflings-regular.ttf?url=%2Ffonts%2Fglyphiconshalflings-regular.ttf
Stack Trace:
#0 /var/www/frost/webroot/index.php(102): Dispatcher->dispatch(Object(CakeRequest), Object(CakeResponse))
#1 {main}
2013-09-10 15:59:14 Error: [MissingControllerException] Controller class FontsController could not be found.
Exception Attributes: array (
  'class' => 'FontsController',
  'plugin' => NULL,
)
Request URL: /fonts/glyphiconshalflings-regular.svg?url=%2Ffonts%2Fglyphiconshalflings-regular.svg
Stack Trace:
#0 /var/www/frost/webroot/index.php(102): Dispatcher->dispatch(Object(CakeRequest), Object(CakeResponse))
#1 {main}
2013-09-10 15:59:18 Error: [MissingHelperException] Helper class UserHelper could not be found.
Exception Attributes: array (
  'class' => 'UserHelper',
  'plugin' => false,
)
Request URL: /admin/units?url=%2Fadmin%2Funits
Stack Trace:
#0 /var/www/cake/lib/Cake/View/HelperCollection.php(63): HelperCollection->load('User')
#1 /var/www/cake/lib/Cake/View/View.php(835): HelperCollection->__isset('User')
#2 /var/www/frost/View/Layouts/admin.ctp(67): View->__get('User')
#3 /var/www/cake/lib/Cake/View/View.php(947): include('/var/www/frost/...')
#4 /var/www/cake/lib/Cake/View/View.php(909): View->_evaluate('/var/www/frost/...', Array)
#5 /var/www/cake/lib/Cake/View/View.php(535): View->_render('/var/www/frost/...')
#6 /var/www/cake/lib/Cake/View/View.php(479): View->renderLayout('', 'admin')
#7 /var/www/cake/lib/Cake/Controller/Controller.php(948): View->render(NULL, NULL)
#8 /var/www/cake/lib/Cake/Routing/Dispatcher.php(194): Controller->render()
#9 /var/www/cake/lib/Cake/Routing/Dispatcher.php(162): Dispatcher->_invoke(Object(UnitsController), Object(CakeRequest), Object(CakeResponse))
#10 /var/www/frost/webroot/index.php(102): Dispatcher->dispatch(Object(CakeRequest), Object(CakeResponse))
#11 {main}
2013-09-10 15:59:18 Error: [MissingControllerException] Controller class CssController could not be found.
Exception Attributes: array (
  'class' => 'CssController',
  'plugin' => NULL,
)
Request URL: /css/libs/bootstrap-responsive.min.css?url=%2Fcss%2Flibs%2Fbootstrap-responsive.min.css
Stack Trace:
#0 /var/www/frost/webroot/index.php(102): Dispatcher->dispatch(Object(CakeRequest), Object(CakeResponse))
#1 {main}
2013-09-10 15:59:18 Error: [MissingControllerException] Controller class CssController could not be found.
Exception Attributes: array (
  'class' => 'CssController',
  'plugin' => NULL,
)
Request URL: /css/libs/icons.css?url=%2Fcss%2Flibs%2Ficons.css
Stack Trace:
#0 /var/www/frost/webroot/index.php(102): Dispatcher->dispatch(Object(CakeRequest), Object(CakeResponse))
#1 {main}
2013-09-10 15:59:18 Error: [MissingControllerException] Controller class ImgController could not be found.
Exception Attributes: array (
  'class' => 'ImgController',
  'plugin' => NULL,
)
Request URL: /img/cake.icon.png?url=%2Fimg%2Fcake.icon.png
Stack Trace:
#0 /var/www/frost/webroot/index.php(102): Dispatcher->dispatch(Object(CakeRequest), Object(CakeResponse))
#1 {main}
2013-09-10 15:59:18 Error: [MissingControllerException] Controller class FontsController could not be found.
Exception Attributes: array (
  'class' => 'FontsController',
  'plugin' => NULL,
)
Request URL: /fonts/glyphiconshalflings-regular.woff?url=%2Ffonts%2Fglyphiconshalflings-regular.woff
Stack Trace:
#0 /var/www/frost/webroot/index.php(102): Dispatcher->dispatch(Object(CakeRequest), Object(CakeResponse))
#1 {main}
2013-09-10 15:59:18 Error: [MissingControllerException] Controller class FontsController could not be found.
Exception Attributes: array (
  'class' => 'FontsController',
  'plugin' => NULL,
)
Request URL: /fonts/glyphiconshalflings-regular.ttf?url=%2Ffonts%2Fglyphiconshalflings-regular.ttf
Stack Trace:
#0 /var/www/frost/webroot/index.php(102): Dispatcher->dispatch(Object(CakeRequest), Object(CakeResponse))
#1 {main}
2013-09-10 15:59:18 Error: [MissingControllerException] Controller class FontsController could not be found.
Exception Attributes: array (
  'class' => 'FontsController',
  'plugin' => NULL,
)
Request URL: /fonts/glyphiconshalflings-regular.svg?url=%2Ffonts%2Fglyphiconshalflings-regular.svg
Stack Trace:
#0 /var/www/frost/webroot/index.php(102): Dispatcher->dispatch(Object(CakeRequest), Object(CakeResponse))
#1 {main}
2013-09-10 15:59:44 Error: [MissingHelperException] Helper class UserHelper could not be found.
Exception Attributes: array (
  'class' => 'UserHelper',
  'plugin' => false,
)
Request URL: /admin/units?url=%2Fadmin%2Funits
Stack Trace:
#0 /var/www/cake/lib/Cake/View/HelperCollection.php(63): HelperCollection->load('User')
#1 /var/www/cake/lib/Cake/View/View.php(835): HelperCollection->__isset('User')
#2 /var/www/frost/View/Layouts/admin.ctp(106): View->__get('User')
#3 /var/www/cake/lib/Cake/View/View.php(947): include('/var/www/frost/...')
#4 /var/www/cake/lib/Cake/View/View.php(909): View->_evaluate('/var/www/frost/...', Array)
#5 /var/www/cake/lib/Cake/View/View.php(535): View->_render('/var/www/frost/...')
#6 /var/www/cake/lib/Cake/View/View.php(479): View->renderLayout('', 'admin')
#7 /var/www/cake/lib/Cake/Controller/Controller.php(948): View->render(NULL, NULL)
#8 /var/www/cake/lib/Cake/Routing/Dispatcher.php(194): Controller->render()
#9 /var/www/cake/lib/Cake/Routing/Dispatcher.php(162): Dispatcher->_invoke(Object(UnitsController), Object(CakeRequest), Object(CakeResponse))
#10 /var/www/frost/webroot/index.php(102): Dispatcher->dispatch(Object(CakeRequest), Object(CakeResponse))
#11 {main}
2013-09-10 15:59:44 Error: [MissingControllerException] Controller class CssController could not be found.
Exception Attributes: array (
  'class' => 'CssController',
  'plugin' => NULL,
)
Request URL: /css/libs/bootstrap-responsive.min.css?url=%2Fcss%2Flibs%2Fbootstrap-responsive.min.css
Stack Trace:
#0 /var/www/frost/webroot/index.php(102): Dispatcher->dispatch(Object(CakeRequest), Object(CakeResponse))
#1 {main}
2013-09-10 15:59:44 Error: [MissingControllerException] Controller class CssController could not be found.
Exception Attributes: array (
  'class' => 'CssController',
  'plugin' => NULL,
)
Request URL: /css/libs/icons.css?url=%2Fcss%2Flibs%2Ficons.css
Stack Trace:
#0 /var/www/frost/webroot/index.php(102): Dispatcher->dispatch(Object(CakeRequest), Object(CakeResponse))
#1 {main}
2013-09-10 15:59:44 Error: [MissingControllerException] Controller class FontsController could not be found.
Exception Attributes: array (
  'class' => 'FontsController',
  'plugin' => NULL,
)
Request URL: /fonts/glyphiconshalflings-regular.woff?url=%2Ffonts%2Fglyphiconshalflings-regular.woff
Stack Trace:
#0 /var/www/frost/webroot/index.php(102): Dispatcher->dispatch(Object(CakeRequest), Object(CakeResponse))
#1 {main}
2013-09-10 15:59:45 Error: [MissingControllerException] Controller class FontsController could not be found.
Exception Attributes: array (
  'class' => 'FontsController',
  'plugin' => NULL,
)
Request URL: /fonts/glyphiconshalflings-regular.ttf?url=%2Ffonts%2Fglyphiconshalflings-regular.ttf
Stack Trace:
#0 /var/www/frost/webroot/index.php(102): Dispatcher->dispatch(Object(CakeRequest), Object(CakeResponse))
#1 {main}
2013-09-10 15:59:45 Error: [MissingControllerException] Controller class FontsController could not be found.
Exception Attributes: array (
  'class' => 'FontsController',
  'plugin' => NULL,
)
Request URL: /fonts/glyphiconshalflings-regular.svg?url=%2Ffonts%2Fglyphiconshalflings-regular.svg
Stack Trace:
#0 /var/www/frost/webroot/index.php(102): Dispatcher->dispatch(Object(CakeRequest), Object(CakeResponse))
#1 {main}
2013-09-10 16:00:25 Error: [MissingHelperException] Helper class UserHelper could not be found.
Exception Attributes: array (
  'class' => 'UserHelper',
  'plugin' => false,
)
Request URL: /admin/units?url=%2Fadmin%2Funits
Stack Trace:
#0 /var/www/cake/lib/Cake/View/HelperCollection.php(63): HelperCollection->load('User')
#1 /var/www/cake/lib/Cake/View/View.php(835): HelperCollection->__isset('User')
#2 /var/www/frost/View/Layouts/admin.ctp(71): View->__get('User')
#3 /var/www/cake/lib/Cake/View/View.php(947): include('/var/www/frost/...')
#4 /var/www/cake/lib/Cake/View/View.php(909): View->_evaluate('/var/www/frost/...', Array)
#5 /var/www/cake/lib/Cake/View/View.php(535): View->_render('/var/www/frost/...')
#6 /var/www/cake/lib/Cake/View/View.php(479): View->renderLayout('', 'admin')
#7 /var/www/cake/lib/Cake/Controller/Controller.php(948): View->render(NULL, NULL)
#8 /var/www/cake/lib/Cake/Routing/Dispatcher.php(194): Controller->render()
#9 /var/www/cake/lib/Cake/Routing/Dispatcher.php(162): Dispatcher->_invoke(Object(UnitsController), Object(CakeRequest), Object(CakeResponse))
#10 /var/www/frost/webroot/index.php(102): Dispatcher->dispatch(Object(CakeRequest), Object(CakeResponse))
#11 {main}
2013-09-10 16:00:25 Error: [MissingControllerException] Controller class CssController could not be found.
Exception Attributes: array (
  'class' => 'CssController',
  'plugin' => NULL,
)
Request URL: /css/libs/bootstrap-responsive.min.css?url=%2Fcss%2Flibs%2Fbootstrap-responsive.min.css
Stack Trace:
#0 /var/www/frost/webroot/index.php(102): Dispatcher->dispatch(Object(CakeRequest), Object(CakeResponse))
#1 {main}
2013-09-10 16:00:25 Error: [MissingControllerException] Controller class CssController could not be found.
Exception Attributes: array (
  'class' => 'CssController',
  'plugin' => NULL,
)
Request URL: /css/libs/icons.css?url=%2Fcss%2Flibs%2Ficons.css
Stack Trace:
#0 /var/www/frost/webroot/index.php(102): Dispatcher->dispatch(Object(CakeRequest), Object(CakeResponse))
#1 {main}
2013-09-10 16:00:25 Error: [MissingControllerException] Controller class ImgController could not be found.
Exception Attributes: array (
  'class' => 'ImgController',
  'plugin' => NULL,
)
Request URL: /img/cake.icon.png?url=%2Fimg%2Fcake.icon.png
Stack Trace:
#0 /var/www/frost/webroot/index.php(102): Dispatcher->dispatch(Object(CakeRequest), Object(CakeResponse))
#1 {main}
2013-09-10 16:00:25 Error: [MissingControllerException] Controller class FontsController could not be found.
Exception Attributes: array (
  'class' => 'FontsController',
  'plugin' => NULL,
)
Request URL: /fonts/glyphiconshalflings-regular.woff?url=%2Ffonts%2Fglyphiconshalflings-regular.woff
Stack Trace:
#0 /var/www/frost/webroot/index.php(102): Dispatcher->dispatch(Object(CakeRequest), Object(CakeResponse))
#1 {main}
2013-09-10 16:00:25 Error: [MissingControllerException] Controller class FontsController could not be found.
Exception Attributes: array (
  'class' => 'FontsController',
  'plugin' => NULL,
)
Request URL: /fonts/glyphiconshalflings-regular.ttf?url=%2Ffonts%2Fglyphiconshalflings-regular.ttf
Stack Trace:
#0 /var/www/frost/webroot/index.php(102): Dispatcher->dispatch(Object(CakeRequest), Object(CakeResponse))
#1 {main}
2013-09-10 16:00:26 Error: [MissingControllerException] Controller class FontsController could not be found.
Exception Attributes: array (
  'class' => 'FontsController',
  'plugin' => NULL,
)
Request URL: /fonts/glyphiconshalflings-regular.svg?url=%2Ffonts%2Fglyphiconshalflings-regular.svg
Stack Trace:
#0 /var/www/frost/webroot/index.php(102): Dispatcher->dispatch(Object(CakeRequest), Object(CakeResponse))
#1 {main}
2013-09-10 16:00:40 Error: [MissingHelperException] Helper class UserHelper could not be found.
Exception Attributes: array (
  'class' => 'UserHelper',
  'plugin' => false,
)
Request URL: /admin/units?url=%2Fadmin%2Funits
Stack Trace:
#0 /var/www/cake/lib/Cake/View/HelperCollection.php(63): HelperCollection->load('User')
#1 /var/www/cake/lib/Cake/View/View.php(835): HelperCollection->__isset('User')
#2 /var/www/frost/View/Layouts/admin.ctp(75): View->__get('User')
#3 /var/www/cake/lib/Cake/View/View.php(947): include('/var/www/frost/...')
#4 /var/www/cake/lib/Cake/View/View.php(909): View->_evaluate('/var/www/frost/...', Array)
#5 /var/www/cake/lib/Cake/View/View.php(535): View->_render('/var/www/frost/...')
#6 /var/www/cake/lib/Cake/View/View.php(479): View->renderLayout('', 'admin')
#7 /var/www/cake/lib/Cake/Controller/Controller.php(948): View->render(NULL, NULL)
#8 /var/www/cake/lib/Cake/Routing/Dispatcher.php(194): Controller->render()
#9 /var/www/cake/lib/Cake/Routing/Dispatcher.php(162): Dispatcher->_invoke(Object(UnitsController), Object(CakeRequest), Object(CakeResponse))
#10 /var/www/frost/webroot/index.php(102): Dispatcher->dispatch(Object(CakeRequest), Object(CakeResponse))
#11 {main}
2013-09-10 16:00:40 Error: [MissingControllerException] Controller class CssController could not be found.
Exception Attributes: array (
  'class' => 'CssController',
  'plugin' => NULL,
)
Request URL: /css/libs/bootstrap-responsive.min.css?url=%2Fcss%2Flibs%2Fbootstrap-responsive.min.css
Stack Trace:
#0 /var/www/frost/webroot/index.php(102): Dispatcher->dispatch(Object(CakeRequest), Object(CakeResponse))
#1 {main}
2013-09-10 16:00:40 Error: [MissingControllerException] Controller class CssController could not be found.
Exception Attributes: array (
  'class' => 'CssController',
  'plugin' => NULL,
)
Request URL: /css/libs/icons.css?url=%2Fcss%2Flibs%2Ficons.css
Stack Trace:
#0 /var/www/frost/webroot/index.php(102): Dispatcher->dispatch(Object(CakeRequest), Object(CakeResponse))
#1 {main}
2013-09-10 16:00:40 Error: [MissingControllerException] Controller class FontsController could not be found.
Exception Attributes: array (
  'class' => 'FontsController',
  'plugin' => NULL,
)
Request URL: /fonts/glyphiconshalflings-regular.woff?url=%2Ffonts%2Fglyphiconshalflings-regular.woff
Stack Trace:
#0 /var/www/frost/webroot/index.php(102): Dispatcher->dispatch(Object(CakeRequest), Object(CakeResponse))
#1 {main}
2013-09-10 16:00:40 Error: [MissingControllerException] Controller class FontsController could not be found.
Exception Attributes: array (
  'class' => 'FontsController',
  'plugin' => NULL,
)
Request URL: /fonts/glyphiconshalflings-regular.ttf?url=%2Ffonts%2Fglyphiconshalflings-regular.ttf
Stack Trace:
#0 /var/www/frost/webroot/index.php(102): Dispatcher->dispatch(Object(CakeRequest), Object(CakeResponse))
#1 {main}
2013-09-10 16:00:40 Error: [MissingControllerException] Controller class FontsController could not be found.
Exception Attributes: array (
  'class' => 'FontsController',
  'plugin' => NULL,
)
Request URL: /fonts/glyphiconshalflings-regular.svg?url=%2Ffonts%2Fglyphiconshalflings-regular.svg
Stack Trace:
#0 /var/www/frost/webroot/index.php(102): Dispatcher->dispatch(Object(CakeRequest), Object(CakeResponse))
#1 {main}
2013-09-10 16:00:58 Error: [MissingHelperException] Helper class UserHelper could not be found.
Exception Attributes: array (
  'class' => 'UserHelper',
  'plugin' => false,
)
Request URL: /admin/units?url=%2Fadmin%2Funits
Stack Trace:
#0 /var/www/cake/lib/Cake/View/HelperCollection.php(63): HelperCollection->load('User')
#1 /var/www/cake/lib/Cake/View/View.php(835): HelperCollection->__isset('User')
#2 /var/www/frost/View/Layouts/admin.ctp(75): View->__get('User')
#3 /var/www/cake/lib/Cake/View/View.php(947): include('/var/www/frost/...')
#4 /var/www/cake/lib/Cake/View/View.php(909): View->_evaluate('/var/www/frost/...', Array)
#5 /var/www/cake/lib/Cake/View/View.php(535): View->_render('/var/www/frost/...')
#6 /var/www/cake/lib/Cake/View/View.php(479): View->renderLayout('', 'admin')
#7 /var/www/cake/lib/Cake/Controller/Controller.php(948): View->render(NULL, NULL)
#8 /var/www/cake/lib/Cake/Routing/Dispatcher.php(194): Controller->render()
#9 /var/www/cake/lib/Cake/Routing/Dispatcher.php(162): Dispatcher->_invoke(Object(UnitsController), Object(CakeRequest), Object(CakeResponse))
#10 /var/www/frost/webroot/index.php(102): Dispatcher->dispatch(Object(CakeRequest), Object(CakeResponse))
#11 {main}
2013-09-10 16:00:58 Error: [MissingControllerException] Controller class CssController could not be found.
Exception Attributes: array (
  'class' => 'CssController',
  'plugin' => NULL,
)
Request URL: /css/libs/bootstrap-responsive.min.css?url=%2Fcss%2Flibs%2Fbootstrap-responsive.min.css
Stack Trace:
#0 /var/www/frost/webroot/index.php(102): Dispatcher->dispatch(Object(CakeRequest), Object(CakeResponse))
#1 {main}
2013-09-10 16:00:58 Error: [MissingControllerException] Controller class CssController could not be found.
Exception Attributes: array (
  'class' => 'CssController',
  'plugin' => NULL,
)
Request URL: /css/libs/icons.css?url=%2Fcss%2Flibs%2Ficons.css
Stack Trace:
#0 /var/www/frost/webroot/index.php(102): Dispatcher->dispatch(Object(CakeRequest), Object(CakeResponse))
#1 {main}
2013-09-10 16:00:58 Error: [MissingControllerException] Controller class FontsController could not be found.
Exception Attributes: array (
  'class' => 'FontsController',
  'plugin' => NULL,
)
Request URL: /fonts/glyphiconshalflings-regular.woff?url=%2Ffonts%2Fglyphiconshalflings-regular.woff
Stack Trace:
#0 /var/www/frost/webroot/index.php(102): Dispatcher->dispatch(Object(CakeRequest), Object(CakeResponse))
#1 {main}
2013-09-10 16:00:58 Error: [MissingControllerException] Controller class FontsController could not be found.
Exception Attributes: array (
  'class' => 'FontsController',
  'plugin' => NULL,
)
Request URL: /fonts/glyphiconshalflings-regular.ttf?url=%2Ffonts%2Fglyphiconshalflings-regular.ttf
Stack Trace:
#0 /var/www/frost/webroot/index.php(102): Dispatcher->dispatch(Object(CakeRequest), Object(CakeResponse))
#1 {main}
2013-09-10 16:00:59 Error: [MissingControllerException] Controller class FontsController could not be found.
Exception Attributes: array (
  'class' => 'FontsController',
  'plugin' => NULL,
)
Request URL: /fonts/glyphiconshalflings-regular.svg?url=%2Ffonts%2Fglyphiconshalflings-regular.svg
Stack Trace:
#0 /var/www/frost/webroot/index.php(102): Dispatcher->dispatch(Object(CakeRequest), Object(CakeResponse))
#1 {main}
2013-09-10 16:01:27 Error: [MissingHelperException] Helper class UserHelper could not be found.
Exception Attributes: array (
  'class' => 'UserHelper',
  'plugin' => false,
)
Request URL: /admin/units?url=%2Fadmin%2Funits
Stack Trace:
#0 /var/www/cake/lib/Cake/View/HelperCollection.php(63): HelperCollection->load('User')
#1 /var/www/cake/lib/Cake/View/View.php(835): HelperCollection->__isset('User')
#2 /var/www/frost/View/Layouts/admin.ctp(74): View->__get('User')
#3 /var/www/cake/lib/Cake/View/View.php(947): include('/var/www/frost/...')
#4 /var/www/cake/lib/Cake/View/View.php(909): View->_evaluate('/var/www/frost/...', Array)
#5 /var/www/cake/lib/Cake/View/View.php(535): View->_render('/var/www/frost/...')
#6 /var/www/cake/lib/Cake/View/View.php(479): View->renderLayout('', 'admin')
#7 /var/www/cake/lib/Cake/Controller/Controller.php(948): View->render(NULL, NULL)
#8 /var/www/cake/lib/Cake/Routing/Dispatcher.php(194): Controller->render()
#9 /var/www/cake/lib/Cake/Routing/Dispatcher.php(162): Dispatcher->_invoke(Object(UnitsController), Object(CakeRequest), Object(CakeResponse))
#10 /var/www/frost/webroot/index.php(102): Dispatcher->dispatch(Object(CakeRequest), Object(CakeResponse))
#11 {main}
2013-09-10 16:01:27 Error: [MissingControllerException] Controller class CssController could not be found.
Exception Attributes: array (
  'class' => 'CssController',
  'plugin' => NULL,
)
Request URL: /css/libs/bootstrap-responsive.min.css?url=%2Fcss%2Flibs%2Fbootstrap-responsive.min.css
Stack Trace:
#0 /var/www/frost/webroot/index.php(102): Dispatcher->dispatch(Object(CakeRequest), Object(CakeResponse))
#1 {main}
2013-09-10 16:01:27 Error: [MissingControllerException] Controller class CssController could not be found.
Exception Attributes: array (
  'class' => 'CssController',
  'plugin' => NULL,
)
Request URL: /css/libs/icons.css?url=%2Fcss%2Flibs%2Ficons.css
Stack Trace:
#0 /var/www/frost/webroot/index.php(102): Dispatcher->dispatch(Object(CakeRequest), Object(CakeResponse))
#1 {main}
2013-09-10 16:01:27 Error: [MissingControllerException] Controller class FontsController could not be found.
Exception Attributes: array (
  'class' => 'FontsController',
  'plugin' => NULL,
)
Request URL: /fonts/glyphiconshalflings-regular.woff?url=%2Ffonts%2Fglyphiconshalflings-regular.woff
Stack Trace:
#0 /var/www/frost/webroot/index.php(102): Dispatcher->dispatch(Object(CakeRequest), Object(CakeResponse))
#1 {main}
2013-09-10 16:01:27 Error: [MissingControllerException] Controller class FontsController could not be found.
Exception Attributes: array (
  'class' => 'FontsController',
  'plugin' => NULL,
)
Request URL: /fonts/glyphiconshalflings-regular.ttf?url=%2Ffonts%2Fglyphiconshalflings-regular.ttf
Stack Trace:
#0 /var/www/frost/webroot/index.php(102): Dispatcher->dispatch(Object(CakeRequest), Object(CakeResponse))
#1 {main}
2013-09-10 16:01:27 Error: [MissingControllerException] Controller class FontsController could not be found.
Exception Attributes: array (
  'class' => 'FontsController',
  'plugin' => NULL,
)
Request URL: /fonts/glyphiconshalflings-regular.svg?url=%2Ffonts%2Fglyphiconshalflings-regular.svg
Stack Trace:
#0 /var/www/frost/webroot/index.php(102): Dispatcher->dispatch(Object(CakeRequest), Object(CakeResponse))
#1 {main}
2013-09-10 16:01:59 Error: [MissingControllerException] Controller class CssController could not be found.
Exception Attributes: array (
  'class' => 'CssController',
  'plugin' => NULL,
)
Request URL: /css/libs/icons.css?url=%2Fcss%2Flibs%2Ficons.css
Stack Trace:
#0 /var/www/frost/webroot/index.php(102): Dispatcher->dispatch(Object(CakeRequest), Object(CakeResponse))
#1 {main}
2013-09-10 16:01:59 Error: [MissingControllerException] Controller class CssController could not be found.
Exception Attributes: array (
  'class' => 'CssController',
  'plugin' => NULL,
)
Request URL: /css/libs/bootstrap-responsive.min.css?url=%2Fcss%2Flibs%2Fbootstrap-responsive.min.css
Stack Trace:
#0 /var/www/frost/webroot/index.php(102): Dispatcher->dispatch(Object(CakeRequest), Object(CakeResponse))
#1 {main}
2013-09-10 16:01:59 Error: [MissingControllerException] Controller class FontsController could not be found.
Exception Attributes: array (
  'class' => 'FontsController',
  'plugin' => NULL,
)
Request URL: /fonts/glyphiconshalflings-regular.woff?url=%2Ffonts%2Fglyphiconshalflings-regular.woff
Stack Trace:
#0 /var/www/frost/webroot/index.php(102): Dispatcher->dispatch(Object(CakeRequest), Object(CakeResponse))
#1 {main}
2013-09-10 16:01:59 Error: [MissingControllerException] Controller class FontsController could not be found.
Exception Attributes: array (
  'class' => 'FontsController',
  'plugin' => NULL,
)
Request URL: /fonts/glyphiconshalflings-regular.ttf?url=%2Ffonts%2Fglyphiconshalflings-regular.ttf
Stack Trace:
#0 /var/www/frost/webroot/index.php(102): Dispatcher->dispatch(Object(CakeRequest), Object(CakeResponse))
#1 {main}
2013-09-10 16:01:59 Error: [MissingControllerException] Controller class FontsController could not be found.
Exception Attributes: array (
  'class' => 'FontsController',
  'plugin' => NULL,
)
Request URL: /fonts/glyphiconshalflings-regular.svg?url=%2Ffonts%2Fglyphiconshalflings-regular.svg
Stack Trace:
#0 /var/www/frost/webroot/index.php(102): Dispatcher->dispatch(Object(CakeRequest), Object(CakeResponse))
#1 {main}
2013-09-10 16:02:14 Error: [MissingControllerException] Controller class CssController could not be found.
Exception Attributes: array (
  'class' => 'CssController',
  'plugin' => NULL,
)
Request URL: /css/libs/bootstrap-responsive.min.css?url=%2Fcss%2Flibs%2Fbootstrap-responsive.min.css
Stack Trace:
#0 /var/www/frost/webroot/index.php(102): Dispatcher->dispatch(Object(CakeRequest), Object(CakeResponse))
#1 {main}
2013-09-10 16:02:14 Error: [MissingControllerException] Controller class CssController could not be found.
Exception Attributes: array (
  'class' => 'CssController',
  'plugin' => NULL,
)
Request URL: /css/libs/icons.css?url=%2Fcss%2Flibs%2Ficons.css
Stack Trace:
#0 /var/www/frost/webroot/index.php(102): Dispatcher->dispatch(Object(CakeRequest), Object(CakeResponse))
#1 {main}
2013-09-10 16:02:14 Error: [MissingControllerException] Controller class FontsController could not be found.
Exception Attributes: array (
  'class' => 'FontsController',
  'plugin' => NULL,
)
Request URL: /fonts/glyphiconshalflings-regular.woff?url=%2Ffonts%2Fglyphiconshalflings-regular.woff
Stack Trace:
#0 /var/www/frost/webroot/index.php(102): Dispatcher->dispatch(Object(CakeRequest), Object(CakeResponse))
#1 {main}
2013-09-10 16:02:14 Error: [MissingControllerException] Controller class FontsController could not be found.
Exception Attributes: array (
  'class' => 'FontsController',
  'plugin' => NULL,
)
Request URL: /fonts/glyphiconshalflings-regular.ttf?url=%2Ffonts%2Fglyphiconshalflings-regular.ttf
Stack Trace:
#0 /var/www/frost/webroot/index.php(102): Dispatcher->dispatch(Object(CakeRequest), Object(CakeResponse))
#1 {main}
2013-09-10 16:02:14 Error: [MissingControllerException] Controller class FontsController could not be found.
Exception Attributes: array (
  'class' => 'FontsController',
  'plugin' => NULL,
)
Request URL: /fonts/glyphiconshalflings-regular.svg?url=%2Ffonts%2Fglyphiconshalflings-regular.svg
Stack Trace:
#0 /var/www/frost/webroot/index.php(102): Dispatcher->dispatch(Object(CakeRequest), Object(CakeResponse))
#1 {main}
2013-09-10 16:03:14 Error: [MissingControllerException] Controller class CssController could not be found.
Exception Attributes: array (
  'class' => 'CssController',
  'plugin' => NULL,
)
Request URL: /css/libs/bootstrap-responsive.min.css?url=%2Fcss%2Flibs%2Fbootstrap-responsive.min.css
Stack Trace:
#0 /var/www/frost/webroot/index.php(102): Dispatcher->dispatch(Object(CakeRequest), Object(CakeResponse))
#1 {main}
2013-09-10 16:03:14 Error: [MissingControllerException] Controller class CssController could not be found.
Exception Attributes: array (
  'class' => 'CssController',
  'plugin' => NULL,
)
Request URL: /css/libs/icons.css?url=%2Fcss%2Flibs%2Ficons.css
Stack Trace:
#0 /var/www/frost/webroot/index.php(102): Dispatcher->dispatch(Object(CakeRequest), Object(CakeResponse))
#1 {main}
2013-09-10 16:03:14 Error: [MissingControllerException] Controller class FontsController could not be found.
Exception Attributes: array (
  'class' => 'FontsController',
  'plugin' => NULL,
)
Request URL: /fonts/glyphiconshalflings-regular.woff?url=%2Ffonts%2Fglyphiconshalflings-regular.woff
Stack Trace:
#0 /var/www/frost/webroot/index.php(102): Dispatcher->dispatch(Object(CakeRequest), Object(CakeResponse))
#1 {main}
2013-09-10 16:03:14 Error: [MissingControllerException] Controller class FontsController could not be found.
Exception Attributes: array (
  'class' => 'FontsController',
  'plugin' => NULL,
)
Request URL: /fonts/glyphiconshalflings-regular.ttf?url=%2Ffonts%2Fglyphiconshalflings-regular.ttf
Stack Trace:
#0 /var/www/frost/webroot/index.php(102): Dispatcher->dispatch(Object(CakeRequest), Object(CakeResponse))
#1 {main}
2013-09-10 16:03:14 Error: [MissingControllerException] Controller class FontsController could not be found.
Exception Attributes: array (
  'class' => 'FontsController',
  'plugin' => NULL,
)
Request URL: /fonts/glyphiconshalflings-regular.svg?url=%2Ffonts%2Fglyphiconshalflings-regular.svg
Stack Trace:
#0 /var/www/frost/webroot/index.php(102): Dispatcher->dispatch(Object(CakeRequest), Object(CakeResponse))
#1 {main}
2013-09-10 16:03:55 Error: [MissingControllerException] Controller class CssController could not be found.
Exception Attributes: array (
  'class' => 'CssController',
  'plugin' => NULL,
)
Request URL: /css/libs/bootstrap-responsive.min.css?url=%2Fcss%2Flibs%2Fbootstrap-responsive.min.css
Stack Trace:
#0 /var/www/frost/webroot/index.php(102): Dispatcher->dispatch(Object(CakeRequest), Object(CakeResponse))
#1 {main}
2013-09-10 16:03:55 Error: [MissingControllerException] Controller class CssController could not be found.
Exception Attributes: array (
  'class' => 'CssController',
  'plugin' => NULL,
)
Request URL: /css/libs/icons.css?url=%2Fcss%2Flibs%2Ficons.css
Stack Trace:
#0 /var/www/frost/webroot/index.php(102): Dispatcher->dispatch(Object(CakeRequest), Object(CakeResponse))
#1 {main}
2013-09-10 16:03:56 Error: [MissingControllerException] Controller class FontsController could not be found.
Exception Attributes: array (
  'class' => 'FontsController',
  'plugin' => NULL,
)
Request URL: /fonts/glyphiconshalflings-regular.woff?url=%2Ffonts%2Fglyphiconshalflings-regular.woff
Stack Trace:
#0 /var/www/frost/webroot/index.php(102): Dispatcher->dispatch(Object(CakeRequest), Object(CakeResponse))
#1 {main}
2013-09-10 16:03:56 Error: [MissingControllerException] Controller class FontsController could not be found.
Exception Attributes: array (
  'class' => 'FontsController',
  'plugin' => NULL,
)
Request URL: /fonts/glyphiconshalflings-regular.ttf?url=%2Ffonts%2Fglyphiconshalflings-regular.ttf
Stack Trace:
#0 /var/www/frost/webroot/index.php(102): Dispatcher->dispatch(Object(CakeRequest), Object(CakeResponse))
#1 {main}
2013-09-10 16:03:56 Error: [MissingControllerException] Controller class FontsController could not be found.
Exception Attributes: array (
  'class' => 'FontsController',
  'plugin' => NULL,
)
Request URL: /fonts/glyphiconshalflings-regular.svg?url=%2Ffonts%2Fglyphiconshalflings-regular.svg
Stack Trace:
#0 /var/www/frost/webroot/index.php(102): Dispatcher->dispatch(Object(CakeRequest), Object(CakeResponse))
#1 {main}
2013-09-10 16:04:53 Error: [MissingControllerException] Controller class CssController could not be found.
Exception Attributes: array (
  'class' => 'CssController',
  'plugin' => NULL,
)
Request URL: /css/libs/bootstrap-responsive.min.css?url=%2Fcss%2Flibs%2Fbootstrap-responsive.min.css
Stack Trace:
#0 /var/www/frost/webroot/index.php(102): Dispatcher->dispatch(Object(CakeRequest), Object(CakeResponse))
#1 {main}
2013-09-10 16:04:53 Error: [MissingControllerException] Controller class CssController could not be found.
Exception Attributes: array (
  'class' => 'CssController',
  'plugin' => NULL,
)
Request URL: /css/libs/icons.css?url=%2Fcss%2Flibs%2Ficons.css
Stack Trace:
#0 /var/www/frost/webroot/index.php(102): Dispatcher->dispatch(Object(CakeRequest), Object(CakeResponse))
#1 {main}
2013-09-10 16:04:53 Error: [MissingControllerException] Controller class FontsController could not be found.
Exception Attributes: array (
  'class' => 'FontsController',
  'plugin' => NULL,
)
Request URL: /fonts/glyphiconshalflings-regular.woff?url=%2Ffonts%2Fglyphiconshalflings-regular.woff
Stack Trace:
#0 /var/www/frost/webroot/index.php(102): Dispatcher->dispatch(Object(CakeRequest), Object(CakeResponse))
#1 {main}
2013-09-10 16:04:53 Error: [MissingControllerException] Controller class FontsController could not be found.
Exception Attributes: array (
  'class' => 'FontsController',
  'plugin' => NULL,
)
Request URL: /fonts/glyphiconshalflings-regular.ttf?url=%2Ffonts%2Fglyphiconshalflings-regular.ttf
Stack Trace:
#0 /var/www/frost/webroot/index.php(102): Dispatcher->dispatch(Object(CakeRequest), Object(CakeResponse))
#1 {main}
2013-09-10 16:04:53 Error: [MissingControllerException] Controller class FontsController could not be found.
Exception Attributes: array (
  'class' => 'FontsController',
  'plugin' => NULL,
)
Request URL: /fonts/glyphiconshalflings-regular.svg?url=%2Ffonts%2Fglyphiconshalflings-regular.svg
Stack Trace:
#0 /var/www/frost/webroot/index.php(102): Dispatcher->dispatch(Object(CakeRequest), Object(CakeResponse))
#1 {main}
2013-09-10 16:05:27 Error: [MissingControllerException] Controller class CssController could not be found.
Exception Attributes: array (
  'class' => 'CssController',
  'plugin' => NULL,
)
Request URL: /css/libs/bootstrap-responsive.min.css?url=%2Fcss%2Flibs%2Fbootstrap-responsive.min.css
Stack Trace:
#0 /var/www/frost/webroot/index.php(102): Dispatcher->dispatch(Object(CakeRequest), Object(CakeResponse))
#1 {main}
2013-09-10 16:05:27 Error: [MissingControllerException] Controller class CssController could not be found.
Exception Attributes: array (
  'class' => 'CssController',
  'plugin' => NULL,
)
Request URL: /css/libs/icons.css?url=%2Fcss%2Flibs%2Ficons.css
Stack Trace:
#0 /var/www/frost/webroot/index.php(102): Dispatcher->dispatch(Object(CakeRequest), Object(CakeResponse))
#1 {main}
2013-09-10 16:05:27 Error: [MissingControllerException] Controller class FontsController could not be found.
Exception Attributes: array (
  'class' => 'FontsController',
  'plugin' => NULL,
)
Request URL: /fonts/glyphiconshalflings-regular.woff?url=%2Ffonts%2Fglyphiconshalflings-regular.woff
Stack Trace:
#0 /var/www/frost/webroot/index.php(102): Dispatcher->dispatch(Object(CakeRequest), Object(CakeResponse))
#1 {main}
2013-09-10 16:05:27 Error: [MissingControllerException] Controller class FontsController could not be found.
Exception Attributes: array (
  'class' => 'FontsController',
  'plugin' => NULL,
)
Request URL: /fonts/glyphiconshalflings-regular.ttf?url=%2Ffonts%2Fglyphiconshalflings-regular.ttf
Stack Trace:
#0 /var/www/frost/webroot/index.php(102): Dispatcher->dispatch(Object(CakeRequest), Object(CakeResponse))
#1 {main}
2013-09-10 16:05:27 Error: [MissingControllerException] Controller class FontsController could not be found.
Exception Attributes: array (
  'class' => 'FontsController',
  'plugin' => NULL,
)
Request URL: /fonts/glyphiconshalflings-regular.svg?url=%2Ffonts%2Fglyphiconshalflings-regular.svg
Stack Trace:
#0 /var/www/frost/webroot/index.php(102): Dispatcher->dispatch(Object(CakeRequest), Object(CakeResponse))
#1 {main}
2013-09-10 16:05:41 Error: [MissingControllerException] Controller class CssController could not be found.
Exception Attributes: array (
  'class' => 'CssController',
  'plugin' => NULL,
)
Request URL: /css/libs/bootstrap-responsive.min.css?url=%2Fcss%2Flibs%2Fbootstrap-responsive.min.css
Stack Trace:
#0 /var/www/frost/webroot/index.php(102): Dispatcher->dispatch(Object(CakeRequest), Object(CakeResponse))
#1 {main}
2013-09-10 16:05:42 Error: [MissingControllerException] Controller class CssController could not be found.
Exception Attributes: array (
  'class' => 'CssController',
  'plugin' => NULL,
)
Request URL: /css/libs/icons.css?url=%2Fcss%2Flibs%2Ficons.css
Stack Trace:
#0 /var/www/frost/webroot/index.php(102): Dispatcher->dispatch(Object(CakeRequest), Object(CakeResponse))
#1 {main}
2013-09-10 16:05:42 Error: [MissingControllerException] Controller class FontsController could not be found.
Exception Attributes: array (
  'class' => 'FontsController',
  'plugin' => NULL,
)
Request URL: /fonts/glyphiconshalflings-regular.woff?url=%2Ffonts%2Fglyphiconshalflings-regular.woff
Stack Trace:
#0 /var/www/frost/webroot/index.php(102): Dispatcher->dispatch(Object(CakeRequest), Object(CakeResponse))
#1 {main}
2013-09-10 16:05:42 Error: [MissingControllerException] Controller class FontsController could not be found.
Exception Attributes: array (
  'class' => 'FontsController',
  'plugin' => NULL,
)
Request URL: /fonts/glyphiconshalflings-regular.ttf?url=%2Ffonts%2Fglyphiconshalflings-regular.ttf
Stack Trace:
#0 /var/www/frost/webroot/index.php(102): Dispatcher->dispatch(Object(CakeRequest), Object(CakeResponse))
#1 {main}
2013-09-10 16:05:42 Error: [MissingControllerException] Controller class FontsController could not be found.
Exception Attributes: array (
  'class' => 'FontsController',
  'plugin' => NULL,
)
Request URL: /fonts/glyphiconshalflings-regular.svg?url=%2Ffonts%2Fglyphiconshalflings-regular.svg
Stack Trace:
#0 /var/www/frost/webroot/index.php(102): Dispatcher->dispatch(Object(CakeRequest), Object(CakeResponse))
#1 {main}
